d:\mfcguiclustersim\mfcguiclustersim\debug\mfcguiclustersim.res
d:\mfcguiclustersim\mfcguiclustersim\debug\mfcguiclustersim.pch
d:\mfcguiclustersim\mfcguiclustersim\debug\vc140.pdb
d:\mfcguiclustersim\mfcguiclustersim\debug\vc140.idb
d:\mfcguiclustersim\mfcguiclustersim\debug\stdafx.obj
d:\mfcguiclustersim\mfcguiclustersim\debug\cluster.obj
d:\mfcguiclustersim\mfcguiclustersim\debug\mfcguiclustersim.obj
d:\mfcguiclustersim\mfcguiclustersim\debug\mfcguiclustersimdlg.obj
d:\mfcguiclustersim\mfcguiclustersim\debug\node.obj
d:\mfcguiclustersim\mfcguiclustersim\debug\processor.obj
d:\mfcguiclustersim\mfcguiclustersim\debug\addframe.obj
d:\mfcguiclustersim\debug\mfcguiclustersim.ilk
d:\mfcguiclustersim\debug\mfcguiclustersim.exe
d:\mfcguiclustersim\debug\mfcguiclustersim.pdb
d:\mfcguiclustersim\mfcguiclustersim\debug\mfcguiclustersim.tlog\cl.command.1.tlog
d:\mfcguiclustersim\mfcguiclustersim\debug\mfcguiclustersim.tlog\rc.command.1.tlog
d:\mfcguiclustersim\mfcguiclustersim\debug\mfcguiclustersim.tlog\link.command.1.tlog
d:\mfcguiclustersim\mfcguiclustersim\debug\mfcguiclustersim.tlog\cl.read.1.tlog
d:\mfcguiclustersim\mfcguiclustersim\debug\mfcguiclustersim.tlog\rc.read.1.tlog
d:\mfcguiclustersim\mfcguiclustersim\debug\mfcguiclustersim.tlog\link.read.1.tlog
d:\mfcguiclustersim\mfcguiclustersim\debug\mfcguiclustersim.tlog\rc.write.1.tlog
d:\mfcguiclustersim\mfcguiclustersim\debug\mfcguiclustersim.tlog\cl.write.1.tlog
d:\mfcguiclustersim\mfcguiclustersim\debug\mfcguiclustersim.tlog\link.write.1.tlog
